Arguments: 
  d:\Program Files\nodejs\node.exe C:\Users\root\AppData\Roaming\npm\node_modules\yarn\bin\yarn.js add import ReactDOM from react-dom

PATH: 
  C:\Windows\system32;C:\Windows;C:\Windows\System32\Wbem;C:\Windows\System32\WindowsPowerShell\v1.0\;C:\Windows\System32\OpenSSH\;d:\Program Files\nodejs\;D:\Program Files\TortoiseGit\bin;d:\Program Files\Git\cmd;d:\Program Files\TortoiseSVN\bin;D:\Program Files\adb;C:\Users\root\AppData\Local\Yarn\bin;C:\Users\root\AppData\Local\hyper\;C:\Program Files\Intel\WiFi\bin\;C:\Program Files\Common Files\Intel\WirelessCommon\;C:\Program Files (x86)\Intel\Intel(R) Management Engine Components\DAL;C:\Program Files\Intel\Intel(R) Management Engine Components\DAL;C:\Users\root\AppData\Local\Microsoft\WindowsApps;;D:\Program Files (x86)\Microsoft VS Code\bin;C:\Users\root\AppData\Roaming\npm;C:\Users\root\AppData\Local\hyper\app-3.0.2\resources\bin;C:\Program Files\Intel\WiFi\bin\;C:\Program Files\Common Files\Intel\WirelessCommon\

Yarn version: 
  1.16.0

Node version: 
  10.16.0

Platform: 
  win32 x64

Trace: 
  Error: https://registry.npm.taobao.org/ReactDOM: Not found
      at Request.params.callback [as _callback] (C:\Users\root\AppData\Roaming\npm\node_modules\yarn\lib\cli.js:66091:18)
      at Request.self.callback (C:\Users\root\AppData\Roaming\npm\node_modules\yarn\lib\cli.js:129590:22)
      at Request.emit (events.js:198:13)
      at Request.<anonymous> (C:\Users\root\AppData\Roaming\npm\node_modules\yarn\lib\cli.js:130562:10)
      at Request.emit (events.js:198:13)
      at IncomingMessage.<anonymous> (C:\Users\root\AppData\Roaming\npm\node_modules\yarn\lib\cli.js:130484:12)
      at Object.onceWrapper (events.js:286:20)
      at IncomingMessage.emit (events.js:203:15)
      at endReadableNT (_stream_readable.js:1129:12)
      at process._tickCallback (internal/process/next_tick.js:63:19)

npm manifest: 
  {
    "name": "h5-demo",
    "version": "1.0.0",
    "description": "",
    "main": "index.js",
    "scripts": {
      "dev": "cross-env NODE_ENV=development npx webpack-dev-server --open",
      "build": "cross-env NODE_ENV=production npx webpack"
    },
    "keywords": [],
    "author": "",
    "license": "ISC",
    "devDependencies": {
      "clean-webpack-plugin": "^3.0.0",
      "cross-env": "^6.0.3",
      "css-loader": "^3.2.0",
      "file-loader": "^4.2.0",
      "html-webpack-plugin": "^3.2.0",
      "less": "^3.10.3",
      "less-loader": "^5.0.0",
      "mini-css-extract-plugin": "^0.8.0",
      "react": "^16.12.0",
      "react-dom": "^16.12.0",
      "style-loader": "^1.0.0",
      "url-loader": "^2.2.0",
      "webpack": "^4.41.2",
      "webpack-cli": "^3.3.9",
      "webpack-dev-server": "^3.9.0"
    }
  }

yarn manifest: 
  No manifest

Lockfile: 
  No lockfile
